<?xml version="1.0" encoding="UTF-8"?>
<!-- Generated by org.testng.reporters.JUnitXMLReporter -->
<testsuite hostname="DESKTOP-H71F7AL" ignored="2" name="Default test" tests="1" failures="0" timestamp="19 Jun 2019 09:13:19 GMT" time="8.577" errors="0">
  <testcase name="loginPageTitleTest" time="0.027" classname="com.jbkoffline.qa.testcases.LoginPageTest"/>
  <testcase name="urlLogoTest" time="0.0" classname="com.jbkoffline.qa.testcases.LoginPageTest">
    <ignored/>
  </testcase> <!-- urlLogoTest -->
  <testcase name="loginTest" time="0.0" classname="com.jbkoffline.qa.testcases.LoginPageTest">
    <ignored/>
  </testcase> <!-- loginTest -->
</testsuite> <!-- Default test -->
