<?xml version="1.0" encoding="UTF-8"?>
<!-- Generated by org.testng.reporters.JUnitXMLReporter -->
<testsuite hostname="LAPTOP-T2D0RNDH" ignored="0" name="Test" tests="12" failures="0" timestamp="20 Apr 2019 12:14:59 GMT" time="158.834" errors="0">
  <testcase name="loginPageTitleTest" time="0.053" classname="com.jbkoffline.qa.testcases.LoginPageTest"/>
  <testcase name="verifyHomePageTitleTest" time="0.035" classname="com.jbkoffline.qa.testcases.HomePageTest"/>
  <testcase name="verifyOperatorsTableTest" time="21.505" classname="com.jbkoffline.qa.testcases.OperatorsPageTest"/>
  <testcase name="verifyUsersPageLabelTest" time="0.073" classname="com.jbkoffline.qa.testcases.UsersPageTest"/>
  <testcase name="verifyRegisterPageTitleTest" time="0.013" classname="com.jbkoffline.qa.testcases.RegisterPageTest"/>
  <testcase name="urlLogoTest" time="0.092" classname="com.jbkoffline.qa.testcases.LoginPageTest"/>
  <testcase name="verifyUsersLinkTest" time="0.42" classname="com.jbkoffline.qa.testcases.HomePageTest"/>
  <testcase name="LogOutTest" time="0.304" classname="com.jbkoffline.qa.testcases.OperatorsPageTest"/>
  <testcase name="validateAddNewUsersTest" time="4.848" classname="com.jbkoffline.qa.testcases.UsersPageTest"/>
  <testcase name="EnterRegisterUserDetails" time="1.845" classname="com.jbkoffline.qa.testcases.RegisterPageTest"/>
  <testcase name="loginTest" time="1.248" classname="com.jbkoffline.qa.testcases.LoginPageTest"/>
  <testcase name="verifyOperatorsLinkTest" time="0.39" classname="com.jbkoffline.qa.testcases.HomePageTest"/>
</testsuite> <!-- Test -->
