<?xml version="1.0" encoding="UTF-8"?>
<!-- Generated by org.testng.reporters.JUnitXMLReporter -->
<testsuite hostname="LAPTOP-T2D0RNDH" ignored="0" name="Command line test" tests="12" failures="0" timestamp="18 Apr 2019 12:22:31 GMT" time="157.968" errors="0">
  <testcase name="verifyHomePageTitleTest" time="0.012" classname="com.jbkoffline.qa.testcases.HomePageTest"/>
  <testcase name="loginPageTitleTest" time="0.012" classname="com.jbkoffline.qa.testcases.LoginPageTest"/>
  <testcase name="verifyOperatorsTableTest" time="21.288" classname="com.jbkoffline.qa.testcases.OperatorsPageTest"/>
  <testcase name="verifyRegisterPageTitleTest" time="0.021" classname="com.jbkoffline.qa.testcases.RegisterPageTest"/>
  <testcase name="verifyUsersPageLabelTest" time="0.198" classname="com.jbkoffline.qa.testcases.UsersPageTest"/>
  <testcase name="verifyUsersLinkTest" time="0.41" classname="com.jbkoffline.qa.testcases.HomePageTest"/>
  <testcase name="urlLogoTest" time="0.076" classname="com.jbkoffline.qa.testcases.LoginPageTest"/>
  <testcase name="LogOutTest" time="0.269" classname="com.jbkoffline.qa.testcases.OperatorsPageTest"/>
  <testcase name="EnterRegisterUserDetails" time="2.256" classname="com.jbkoffline.qa.testcases.RegisterPageTest"/>
  <testcase name="validateAddNewUsersTest" time="3.873" classname="com.jbkoffline.qa.testcases.UsersPageTest"/>
  <testcase name="verifyOperatorsLinkTest" time="0.422" classname="com.jbkoffline.qa.testcases.HomePageTest"/>
  <testcase name="loginTest" time="2.779" classname="com.jbkoffline.qa.testcases.LoginPageTest"/>
</testsuite> <!-- Command line test -->
