<?xml version="1.0" encoding="UTF-8"?>
<testng-results skipped="0" failed="0" ignored="2" total="3" passed="1">
  <reporter-output>
  </reporter-output>
  <suite name="Default suite" duration-ms="8577" started-at="2019-06-19T09:13:11Z" finished-at="2019-06-19T09:13:19Z">
    <groups>
    </groups>
    <test name="Default test" duration-ms="8577" started-at="2019-06-19T09:13:11Z" finished-at="2019-06-19T09:13:19Z">
      <class name="com.jbkoffline.qa.testcases.LoginPageTest">
        <test-method status="PASS" signature="setUp()[pri:0, instance:com.jbkoffline.qa.testcases.LoginPageTest@87af79]" name="setUp" is-config="true" duration-ms="7814" started-at="2019-06-19T09:13:11Z" finished-at="2019-06-19T09:13:19Z">
          <reporter-output>
          </reporter-output>
        </test-method> <!-- setUp -->
        <test-method status="PASS" signature="loginPageTitleTest()[pri:1, instance:com.jbkoffline.qa.testcases.LoginPageTest@87af79]" name="loginPageTitleTest" duration-ms="27" started-at="2019-06-19T09:13:19Z" finished-at="2019-06-19T09:13:19Z">
          <reporter-output>
          </reporter-output>
        </test-method> <!-- loginPageTitleTest -->
        <test-method status="PASS" signature="tearDown()[pri:0, instance:com.jbkoffline.qa.testcases.LoginPageTest@87af79]" name="tearDown" is-config="true" duration-ms="692" started-at="2019-06-19T09:13:19Z" finished-at="2019-06-19T09:13:19Z">
          <reporter-output>
          </reporter-output>
        </test-method> <!-- tearDown -->
      </class> <!-- com.jbkoffline.qa.testcases.LoginPageTest -->
    </test> <!-- Default test -->
  </suite> <!-- Default suite -->
</testng-results>
